# Logfile created on 2019-06-28 15:58:14 -0400 by logger.rb/66358
2019-06-28 15:58:14,668 [Contrast Agent] ERROR - NoMethodError: Unable to build a finding for session-timeout: undefined method `[]' for nil:NilClass
2019-06-28 15:58:14,668 [Contrast Agent] ERROR - NoMethodError: Unable to build a finding for session-timeout: undefined method `[]' for nil:NilClass
2019-06-28 15:58:14,672 [Contrast Agent] INFO - AGENT_VERSION=2.5.2
2019-06-28 15:58:14,672 [Contrast Agent] INFO - HOME=/Users/markp
2019-06-28 15:58:14,672 [Contrast Agent] INFO - PWD=/Users/markp/budget_tracker
2019-06-28 15:58:14,672 [Contrast Agent] INFO - RACK ENV=
2019-06-28 15:58:14,672 [Contrast Agent] INFO - RAILS ENV=development
2019-06-28 15:58:14,672 [Contrast Agent] INFO - RUBY VERSION=ruby-2.6.3
2019-06-28 15:58:14,672 [Contrast Agent] INFO - GEM HOME=/Users/markp/.rvm/gems/ruby-2.6.3
2019-06-28 15:58:14,672 [Contrast Agent] INFO - GEM PATH=/Users/markp/.rvm/gems/ruby-2.6.3:/Users/markp/.rvm/gems/ruby-2.6.3@global
2019-06-28 15:58:14,679 [Contrast Agent] ERROR - Errno::ECONNREFUSED: Unable to communicate via tcp. Message not sent.: Connection refused - connect(2) for "127.0.0.1" port 30555
2019-06-28 15:58:14,752 [Contrast Agent] INFO - Attempt service restart: current=1 total=1
2019-06-28 15:58:19,351 [Contrast Agent] WARN - An attempt was made to weave into CGI::Util#escapeHTML, but it is overridden using prepend. Ancestors: [CGI::Escape, CGI::Util].
2019-06-28 15:58:19,351 [Contrast Agent] WARN - An attempt was made to weave into CGI::Util#unescapeHTML, but it is overridden using prepend. Ancestors: [CGI::Escape, CGI::Util].
2019-06-28 15:58:19,351 [Contrast Agent] WARN - An attempt was made to weave into CGI::Util#escape, but it is overridden using prepend. Ancestors: [CGI::Escape, CGI::Util].
2019-06-28 15:58:19,351 [Contrast Agent] WARN - An attempt was made to weave into CGI::Util#unescape, but it is overridden using prepend. Ancestors: [CGI::Escape, CGI::Util].
2019-06-28 15:58:29,137 [Contrast Agent] ERROR - Unable to perform unbound eval of new content for Annotation.
2019-06-28 15:58:30,606 [Contrast Agent] WARN - An attempt was made to weave into Marshal#load, but it is overridden using prepend. Ancestors: [Marshal].
2019-06-28 15:58:34,294 [Contrast Agent] ERROR - TypeError: unable to instrument: rails_extensions/assess/postgresql: PG is not a class (Module)
2019-06-28 15:58:34,334 [Contrast Agent] WARN - The configuration property response_frequency was called on the configuration Contrast::Config::SamplingConfiguration
2019-06-28 16:20:03,730 [Contrast Agent] ERROR - NoMethodError: Unable to build a finding for session-timeout: undefined method `[]' for nil:NilClass
2019-06-28 16:20:03,731 [Contrast Agent] ERROR - NoMethodError: Unable to build a finding for session-timeout: undefined method `[]' for nil:NilClass
2019-06-28 16:20:03,732 [Contrast Agent] INFO - AGENT_VERSION=2.5.2
2019-06-28 16:20:03,732 [Contrast Agent] INFO - HOME=/Users/markp
2019-06-28 16:20:03,732 [Contrast Agent] INFO - PWD=/Users/markp/budget_tracker
2019-06-28 16:20:03,732 [Contrast Agent] INFO - RACK ENV=development
2019-06-28 16:20:03,732 [Contrast Agent] INFO - RAILS ENV=
2019-06-28 16:20:03,732 [Contrast Agent] INFO - RUBY VERSION=ruby-2.6.3
2019-06-28 16:20:03,732 [Contrast Agent] INFO - GEM HOME=/Users/markp/.rvm/gems/ruby-2.6.3
2019-06-28 16:20:03,732 [Contrast Agent] INFO - GEM PATH=/Users/markp/.rvm/gems/ruby-2.6.3:/Users/markp/.rvm/gems/ruby-2.6.3@global
2019-06-28 16:20:03,734 [Contrast Agent] ERROR - Errno::ECONNREFUSED: Unable to communicate via tcp. Message not sent.: Connection refused - connect(2) for "127.0.0.1" port 30555
2019-06-28 16:20:03,805 [Contrast Agent] INFO - Attempt service restart: current=1 total=1
2019-06-28 16:20:08,352 [Contrast Agent] WARN - An attempt was made to weave into CGI::Util#escapeHTML, but it is overridden using prepend. Ancestors: [CGI::Escape, CGI::Util].
2019-06-28 16:20:08,353 [Contrast Agent] WARN - An attempt was made to weave into CGI::Util#unescapeHTML, but it is overridden using prepend. Ancestors: [CGI::Escape, CGI::Util].
2019-06-28 16:20:08,353 [Contrast Agent] WARN - An attempt was made to weave into CGI::Util#escape, but it is overridden using prepend. Ancestors: [CGI::Escape, CGI::Util].
2019-06-28 16:20:08,353 [Contrast Agent] WARN - An attempt was made to weave into CGI::Util#unescape, but it is overridden using prepend. Ancestors: [CGI::Escape, CGI::Util].
2019-06-28 16:20:10,068 [Contrast Agent] ERROR - Unable to perform unbound eval of new content for Annotation.
2019-06-28 16:20:16,104 [Contrast Agent] WARN - An attempt was made to weave into Marshal#load, but it is overridden using prepend. Ancestors: [Marshal].
2019-06-28 16:20:18,655 [Contrast Agent] ERROR - TypeError: unable to instrument: rails_extensions/assess/postgresql: PG is not a class (Module)
2019-06-28 16:20:18,683 [Contrast Agent] WARN - The configuration property response_frequency was called on the configuration Contrast::Config::SamplingConfiguration
2019-06-28 16:22:48,223 [Contrast Agent] ERROR - NoMethodError: Unable to build a finding for session-timeout: undefined method `[]' for nil:NilClass
2019-06-28 16:22:48,224 [Contrast Agent] ERROR - NoMethodError: Unable to build a finding for session-timeout: undefined method `[]' for nil:NilClass
2019-06-28 16:22:48,225 [Contrast Agent] INFO - AGENT_VERSION=2.5.2
2019-06-28 16:22:48,225 [Contrast Agent] INFO - HOME=/Users/markp
2019-06-28 16:22:48,225 [Contrast Agent] INFO - PWD=/Users/markp/budget_tracker
2019-06-28 16:22:48,225 [Contrast Agent] INFO - RACK ENV=
2019-06-28 16:22:48,225 [Contrast Agent] INFO - RAILS ENV=development
2019-06-28 16:22:48,225 [Contrast Agent] INFO - RUBY VERSION=ruby-2.6.3
2019-06-28 16:22:48,225 [Contrast Agent] INFO - GEM HOME=/Users/markp/.rvm/gems/ruby-2.6.3
2019-06-28 16:22:48,225 [Contrast Agent] INFO - GEM PATH=/Users/markp/.rvm/gems/ruby-2.6.3:/Users/markp/.rvm/gems/ruby-2.6.3@global
2019-06-28 16:22:48,227 [Contrast Agent] ERROR - Errno::ECONNREFUSED: Unable to communicate via tcp. Message not sent.: Connection refused - connect(2) for "127.0.0.1" port 30555
2019-06-28 16:22:48,292 [Contrast Agent] INFO - Attempt service restart: current=1 total=1
2019-06-28 16:22:52,093 [Contrast Agent] WARN - An attempt was made to weave into CGI::Util#escapeHTML, but it is overridden using prepend. Ancestors: [CGI::Escape, CGI::Util].
2019-06-28 16:22:52,093 [Contrast Agent] WARN - An attempt was made to weave into CGI::Util#unescapeHTML, but it is overridden using prepend. Ancestors: [CGI::Escape, CGI::Util].
2019-06-28 16:22:52,093 [Contrast Agent] WARN - An attempt was made to weave into CGI::Util#escape, but it is overridden using prepend. Ancestors: [CGI::Escape, CGI::Util].
2019-06-28 16:22:52,093 [Contrast Agent] WARN - An attempt was made to weave into CGI::Util#unescape, but it is overridden using prepend. Ancestors: [CGI::Escape, CGI::Util].
2019-06-28 16:22:57,334 [Contrast Agent] ERROR - Unable to perform unbound eval of new content for Annotation.
2019-06-28 16:23:01,220 [Contrast Agent] WARN - An attempt was made to weave into Marshal#load, but it is overridden using prepend. Ancestors: [Marshal].
2019-06-28 16:23:03,417 [Contrast Agent] ERROR - TypeError: unable to instrument: rails_extensions/assess/postgresql: PG is not a class (Module)
2019-06-28 16:23:03,445 [Contrast Agent] WARN - The configuration property response_frequency was called on the configuration Contrast::Config::SamplingConfiguration
2019-07-01 11:11:42,905 [Contrast Agent] INFO - AGENT_VERSION=2.6.0
2019-07-01 11:11:42,905 [Contrast Agent] INFO - HOME=/Users/markp
2019-07-01 11:11:42,905 [Contrast Agent] INFO - PWD=/Users/markp/budget_tracker
2019-07-01 11:11:42,905 [Contrast Agent] INFO - RACK ENV=
2019-07-01 11:11:42,905 [Contrast Agent] INFO - RAILS ENV=
2019-07-01 11:11:42,905 [Contrast Agent] INFO - RUBY VERSION=ruby-2.6.3
2019-07-01 11:11:42,905 [Contrast Agent] INFO - GEM HOME=/Users/markp/.rvm/gems/ruby-2.6.3
2019-07-01 11:11:42,905 [Contrast Agent] INFO - GEM PATH=/Users/markp/.rvm/gems/ruby-2.6.3:/Users/markp/.rvm/gems/ruby-2.6.3@global
2019-07-01 11:11:42,919 [Contrast Agent] WARN - Detected startup within the rake task true - Disabling Contrast for that process
2019-07-01 14:25:58,596 [Contrast Agent] INFO - AGENT_VERSION=2.6.0
2019-07-01 14:25:58,596 [Contrast Agent] INFO - HOME=/Users/markp
2019-07-01 14:25:58,596 [Contrast Agent] INFO - PWD=/Users/markp/budget_tracker
2019-07-01 14:25:58,596 [Contrast Agent] INFO - RACK ENV=
2019-07-01 14:25:58,596 [Contrast Agent] INFO - RAILS ENV=development
2019-07-01 14:25:58,596 [Contrast Agent] INFO - RUBY VERSION=ruby-2.6.3
2019-07-01 14:25:58,596 [Contrast Agent] INFO - GEM HOME=/Users/markp/.rvm/gems/ruby-2.6.3
2019-07-01 14:25:58,596 [Contrast Agent] INFO - GEM PATH=/Users/markp/.rvm/gems/ruby-2.6.3:/Users/markp/.rvm/gems/ruby-2.6.3@global
2019-07-01 14:25:58,600 [Contrast Agent] ERROR - Errno::ECONNREFUSED: Unable to communicate via tcp. Message not sent.: Connection refused - connect(2) for "127.0.0.1" port 30555
2019-07-01 14:25:58,653 [Contrast Agent] INFO - Attempt service restart: current=1 total=1
2019-07-01 14:49:46,667 [Contrast Agent] INFO - AGENT_VERSION=2.6.0
2019-07-01 14:49:46,667 [Contrast Agent] INFO - HOME=/Users/markp
2019-07-01 14:49:46,667 [Contrast Agent] INFO - PWD=/Users/markp/budget_tracker/lib
2019-07-01 14:49:46,667 [Contrast Agent] INFO - RACK ENV=
2019-07-01 14:49:46,667 [Contrast Agent] INFO - RAILS ENV=development
2019-07-01 14:49:46,667 [Contrast Agent] INFO - RUBY VERSION=ruby-2.6.3
2019-07-01 14:49:46,667 [Contrast Agent] INFO - GEM HOME=/Users/markp/.rvm/gems/ruby-2.6.3
2019-07-01 14:49:46,667 [Contrast Agent] INFO - GEM PATH=/Users/markp/.rvm/gems/ruby-2.6.3:/Users/markp/.rvm/gems/ruby-2.6.3@global
2019-07-01 14:49:46,670 [Contrast Agent] ERROR - Errno::ECONNREFUSED: Unable to communicate via tcp. Message not sent.: Connection refused - connect(2) for "127.0.0.1" port 30555
2019-07-01 14:49:46,734 [Contrast Agent] INFO - Attempt service restart: current=1 total=1
2019-07-02 12:10:42,791 [Contrast Agent] INFO - AGENT_VERSION=2.6.0
2019-07-02 12:10:42,791 [Contrast Agent] INFO - HOME=/Users/markp
2019-07-02 12:10:42,791 [Contrast Agent] INFO - PWD=/Users/markp/budget_tracker
2019-07-02 12:10:42,791 [Contrast Agent] INFO - RACK ENV=
2019-07-02 12:10:42,791 [Contrast Agent] INFO - RAILS ENV=production
2019-07-02 12:10:42,791 [Contrast Agent] INFO - RUBY VERSION=ruby-2.6.3
2019-07-02 12:10:42,791 [Contrast Agent] INFO - GEM HOME=/Users/markp/.rvm/gems/ruby-2.6.3
2019-07-02 12:10:42,791 [Contrast Agent] INFO - GEM PATH=/Users/markp/.rvm/gems/ruby-2.6.3:/Users/markp/.rvm/gems/ruby-2.6.3@global
2019-07-02 12:10:43,018 [Contrast Agent] WARN - Invalid settings received - Protect and Assess were both on. Disabling Assess.
2019-07-02 12:12:48,791 [Contrast Agent] INFO - AGENT_VERSION=2.6.0
2019-07-02 12:12:48,791 [Contrast Agent] INFO - HOME=/Users/markp
2019-07-02 12:12:48,791 [Contrast Agent] INFO - PWD=/Users/markp/budget_tracker
2019-07-02 12:12:48,791 [Contrast Agent] INFO - RACK ENV=
2019-07-02 12:12:48,791 [Contrast Agent] INFO - RAILS ENV=
2019-07-02 12:12:48,791 [Contrast Agent] INFO - RUBY VERSION=ruby-2.6.3
2019-07-02 12:12:48,791 [Contrast Agent] INFO - GEM HOME=/Users/markp/.rvm/gems/ruby-2.6.3
2019-07-02 12:12:48,791 [Contrast Agent] INFO - GEM PATH=/Users/markp/.rvm/gems/ruby-2.6.3:/Users/markp/.rvm/gems/ruby-2.6.3@global
2019-07-02 12:12:48,929 [Contrast Agent] WARN - Invalid settings received - Protect and Assess were both on. Disabling Assess.
2019-07-02 12:13:03,060 [Contrast Agent] INFO - AGENT_VERSION=2.6.0
2019-07-02 12:13:03,060 [Contrast Agent] INFO - HOME=/Users/markp
2019-07-02 12:13:03,060 [Contrast Agent] INFO - PWD=/Users/markp/budget_tracker
2019-07-02 12:13:03,060 [Contrast Agent] INFO - RACK ENV=development
2019-07-02 12:13:03,060 [Contrast Agent] INFO - RAILS ENV=development
2019-07-02 12:13:03,060 [Contrast Agent] INFO - RUBY VERSION=ruby-2.6.3
2019-07-02 12:13:03,060 [Contrast Agent] INFO - GEM HOME=/Users/markp/.rvm/gems/ruby-2.6.3
2019-07-02 12:13:03,060 [Contrast Agent] INFO - GEM PATH=/Users/markp/.rvm/gems/ruby-2.6.3:/Users/markp/.rvm/gems/ruby-2.6.3@global
2019-07-02 12:13:03,244 [Contrast Agent] WARN - Invalid settings received - Protect and Assess were both on. Disabling Assess.
2019-07-02 12:13:23,845 [Contrast Agent] INFO - AGENT_VERSION=2.6.0
2019-07-02 12:13:23,845 [Contrast Agent] INFO - HOME=/Users/markp
2019-07-02 12:13:23,845 [Contrast Agent] INFO - PWD=/Users/markp/budget_tracker
2019-07-02 12:13:23,845 [Contrast Agent] INFO - RACK ENV=
2019-07-02 12:13:23,845 [Contrast Agent] INFO - RAILS ENV=production
2019-07-02 12:13:23,845 [Contrast Agent] INFO - RUBY VERSION=ruby-2.6.3
2019-07-02 12:13:23,845 [Contrast Agent] INFO - GEM HOME=/Users/markp/.rvm/gems/ruby-2.6.3
2019-07-02 12:13:23,845 [Contrast Agent] INFO - GEM PATH=/Users/markp/.rvm/gems/ruby-2.6.3:/Users/markp/.rvm/gems/ruby-2.6.3@global
2019-07-02 12:13:24,181 [Contrast Agent] WARN - Invalid settings received - Protect and Assess were both on. Disabling Assess.
2019-07-02 13:45:31,408 [Contrast Agent] INFO - AGENT_VERSION=2.6.0
2019-07-02 13:45:31,409 [Contrast Agent] INFO - HOME=/Users/markp
2019-07-02 13:45:31,409 [Contrast Agent] INFO - PWD=/Users/markp/budget_tracker
2019-07-02 13:45:31,409 [Contrast Agent] INFO - RACK ENV=
2019-07-02 13:45:31,409 [Contrast Agent] INFO - RAILS ENV=production
2019-07-02 13:45:31,409 [Contrast Agent] INFO - RUBY VERSION=ruby-2.6.3
2019-07-02 13:45:31,409 [Contrast Agent] INFO - GEM HOME=/Users/markp/.rvm/gems/ruby-2.6.3
2019-07-02 13:45:31,409 [Contrast Agent] INFO - GEM PATH=/Users/markp/.rvm/gems/ruby-2.6.3:/Users/markp/.rvm/gems/ruby-2.6.3@global
2019-07-02 13:45:31,760 [Contrast Agent] WARN - Invalid settings received - Protect and Assess were both on. Disabling Assess.
2019-07-02 13:46:38,731 [Contrast Agent] INFO - AGENT_VERSION=2.6.0
2019-07-02 13:46:38,731 [Contrast Agent] INFO - HOME=/Users/markp
2019-07-02 13:46:38,731 [Contrast Agent] INFO - PWD=/Users/markp/budget_tracker
2019-07-02 13:46:38,731 [Contrast Agent] INFO - RACK ENV=
2019-07-02 13:46:38,731 [Contrast Agent] INFO - RAILS ENV=production
2019-07-02 13:46:38,731 [Contrast Agent] INFO - RUBY VERSION=ruby-2.6.3
2019-07-02 13:46:38,731 [Contrast Agent] INFO - GEM HOME=/Users/markp/.rvm/gems/ruby-2.6.3
2019-07-02 13:46:38,731 [Contrast Agent] INFO - GEM PATH=/Users/markp/.rvm/gems/ruby-2.6.3:/Users/markp/.rvm/gems/ruby-2.6.3@global
2019-07-02 13:46:38,891 [Contrast Agent] WARN - Invalid settings received - Protect and Assess were both on. Disabling Assess.
2019-07-02 13:48:21,271 [Contrast Agent] INFO - AGENT_VERSION=2.6.0
2019-07-02 13:48:21,271 [Contrast Agent] INFO - HOME=/Users/markp
2019-07-02 13:48:21,271 [Contrast Agent] INFO - PWD=/Users/markp/budget_tracker
2019-07-02 13:48:21,271 [Contrast Agent] INFO - RACK ENV=
2019-07-02 13:48:21,271 [Contrast Agent] INFO - RAILS ENV=development
2019-07-02 13:48:21,271 [Contrast Agent] INFO - RUBY VERSION=ruby-2.6.3
2019-07-02 13:48:21,271 [Contrast Agent] INFO - GEM HOME=/Users/markp/.rvm/gems/ruby-2.6.3
2019-07-02 13:48:21,271 [Contrast Agent] INFO - GEM PATH=/Users/markp/.rvm/gems/ruby-2.6.3:/Users/markp/.rvm/gems/ruby-2.6.3@global
2019-07-02 13:48:21,446 [Contrast Agent] WARN - Invalid settings received - Protect and Assess were both on. Disabling Assess.
2019-07-02 13:49:06,426 [Contrast Agent] INFO - AGENT_VERSION=2.6.0
2019-07-02 13:49:06,426 [Contrast Agent] INFO - HOME=/Users/markp
2019-07-02 13:49:06,426 [Contrast Agent] INFO - PWD=/Users/markp/budget_tracker
2019-07-02 13:49:06,426 [Contrast Agent] INFO - RACK ENV=
2019-07-02 13:49:06,426 [Contrast Agent] INFO - RAILS ENV=production
2019-07-02 13:49:06,426 [Contrast Agent] INFO - RUBY VERSION=ruby-2.6.3
2019-07-02 13:49:06,426 [Contrast Agent] INFO - GEM HOME=/Users/markp/.rvm/gems/ruby-2.6.3
2019-07-02 13:49:06,426 [Contrast Agent] INFO - GEM PATH=/Users/markp/.rvm/gems/ruby-2.6.3:/Users/markp/.rvm/gems/ruby-2.6.3@global
2019-07-02 13:49:06,692 [Contrast Agent] WARN - Invalid settings received - Protect and Assess were both on. Disabling Assess.
2019-07-02 13:49:43,687 [Contrast Agent] INFO - AGENT_VERSION=2.6.0
2019-07-02 13:49:43,687 [Contrast Agent] INFO - HOME=/Users/markp
2019-07-02 13:49:43,687 [Contrast Agent] INFO - PWD=/Users/markp/budget_tracker
2019-07-02 13:49:43,687 [Contrast Agent] INFO - RACK ENV=
2019-07-02 13:49:43,687 [Contrast Agent] INFO - RAILS ENV=production
2019-07-02 13:49:43,687 [Contrast Agent] INFO - RUBY VERSION=ruby-2.6.3
2019-07-02 13:49:43,687 [Contrast Agent] INFO - GEM HOME=/Users/markp/.rvm/gems/ruby-2.6.3
2019-07-02 13:49:43,687 [Contrast Agent] INFO - GEM PATH=/Users/markp/.rvm/gems/ruby-2.6.3:/Users/markp/.rvm/gems/ruby-2.6.3@global
2019-07-02 13:49:43,967 [Contrast Agent] WARN - Invalid settings received - Protect and Assess were both on. Disabling Assess.
2019-07-02 13:54:39,561 [Contrast Agent] INFO - AGENT_VERSION=2.6.0
2019-07-02 13:54:39,561 [Contrast Agent] INFO - HOME=/Users/markp
2019-07-02 13:54:39,561 [Contrast Agent] INFO - PWD=/Users/markp/budget_tracker
2019-07-02 13:54:39,561 [Contrast Agent] INFO - RACK ENV=
2019-07-02 13:54:39,561 [Contrast Agent] INFO - RAILS ENV=production
2019-07-02 13:54:39,561 [Contrast Agent] INFO - RUBY VERSION=ruby-2.6.3
2019-07-02 13:54:39,561 [Contrast Agent] INFO - GEM HOME=/Users/markp/.rvm/gems/ruby-2.6.3
2019-07-02 13:54:39,561 [Contrast Agent] INFO - GEM PATH=/Users/markp/.rvm/gems/ruby-2.6.3:/Users/markp/.rvm/gems/ruby-2.6.3@global
2019-07-02 13:54:39,697 [Contrast Agent] WARN - Invalid settings received - Protect and Assess were both on. Disabling Assess.
2019-07-02 14:19:52,583 [Contrast Agent] INFO - AGENT_VERSION=2.6.0
2019-07-02 14:19:52,584 [Contrast Agent] INFO - HOME=/Users/markp
2019-07-02 14:19:52,584 [Contrast Agent] INFO - PWD=/Users/markp/budget_tracker
2019-07-02 14:19:52,584 [Contrast Agent] INFO - RACK ENV=
2019-07-02 14:19:52,584 [Contrast Agent] INFO - RAILS ENV=production
2019-07-02 14:19:52,584 [Contrast Agent] INFO - RUBY VERSION=ruby-2.6.3
2019-07-02 14:19:52,584 [Contrast Agent] INFO - GEM HOME=/Users/markp/.rvm/gems/ruby-2.6.3
2019-07-02 14:19:52,584 [Contrast Agent] INFO - GEM PATH=/Users/markp/.rvm/gems/ruby-2.6.3:/Users/markp/.rvm/gems/ruby-2.6.3@global
2019-07-02 14:19:52,749 [Contrast Agent] WARN - Invalid settings received - Protect and Assess were both on. Disabling Assess.
2019-07-02 14:26:26,106 [Contrast Agent] INFO - AGENT_VERSION=2.6.0
2019-07-02 14:26:26,106 [Contrast Agent] INFO - HOME=/Users/markp
2019-07-02 14:26:26,106 [Contrast Agent] INFO - PWD=/Users/markp/budget_tracker
2019-07-02 14:26:26,106 [Contrast Agent] INFO - RACK ENV=
2019-07-02 14:26:26,106 [Contrast Agent] INFO - RAILS ENV=production
2019-07-02 14:26:26,106 [Contrast Agent] INFO - RUBY VERSION=ruby-2.6.3
2019-07-02 14:26:26,106 [Contrast Agent] INFO - GEM HOME=/Users/markp/.rvm/gems/ruby-2.6.3
2019-07-02 14:26:26,106 [Contrast Agent] INFO - GEM PATH=/Users/markp/.rvm/gems/ruby-2.6.3:/Users/markp/.rvm/gems/ruby-2.6.3@global
2019-07-02 14:26:26,343 [Contrast Agent] WARN - Invalid settings received - Protect and Assess were both on. Disabling Assess.
2019-07-02 14:27:56,450 [Contrast Agent] INFO - AGENT_VERSION=2.6.0
2019-07-02 14:27:56,451 [Contrast Agent] INFO - HOME=/Users/markp
2019-07-02 14:27:56,451 [Contrast Agent] INFO - PWD=/Users/markp/budget_tracker
2019-07-02 14:27:56,451 [Contrast Agent] INFO - RACK ENV=
2019-07-02 14:27:56,451 [Contrast Agent] INFO - RAILS ENV=production
2019-07-02 14:27:56,451 [Contrast Agent] INFO - RUBY VERSION=ruby-2.6.3
2019-07-02 14:27:56,451 [Contrast Agent] INFO - GEM HOME=/Users/markp/.rvm/gems/ruby-2.6.3
2019-07-02 14:27:56,451 [Contrast Agent] INFO - GEM PATH=/Users/markp/.rvm/gems/ruby-2.6.3:/Users/markp/.rvm/gems/ruby-2.6.3@global
2019-07-02 14:27:56,611 [Contrast Agent] WARN - Invalid settings received - Protect and Assess were both on. Disabling Assess.
2019-07-02 14:39:03,840 [Contrast Agent] INFO - AGENT_VERSION=2.6.0
2019-07-02 14:39:03,840 [Contrast Agent] INFO - HOME=/Users/markp
2019-07-02 14:39:03,840 [Contrast Agent] INFO - PWD=/Users/markp/budget_tracker
2019-07-02 14:39:03,840 [Contrast Agent] INFO - RACK ENV=
2019-07-02 14:39:03,840 [Contrast Agent] INFO - RAILS ENV=production
2019-07-02 14:39:03,840 [Contrast Agent] INFO - RUBY VERSION=ruby-2.6.3
2019-07-02 14:39:03,840 [Contrast Agent] INFO - GEM HOME=/Users/markp/.rvm/gems/ruby-2.6.3
2019-07-02 14:39:03,840 [Contrast Agent] INFO - GEM PATH=/Users/markp/.rvm/gems/ruby-2.6.3:/Users/markp/.rvm/gems/ruby-2.6.3@global
2019-07-02 14:39:03,841 [Contrast Agent] WARN - Detected startup within the rake task true - Disabling Contrast for that process
2019-07-02 14:39:33,916 [Contrast Agent] INFO - AGENT_VERSION=2.6.0
2019-07-02 14:39:33,916 [Contrast Agent] INFO - HOME=/Users/markp
2019-07-02 14:39:33,916 [Contrast Agent] INFO - PWD=/Users/markp/budget_tracker
2019-07-02 14:39:33,916 [Contrast Agent] INFO - RACK ENV=
2019-07-02 14:39:33,916 [Contrast Agent] INFO - RAILS ENV=production
2019-07-02 14:39:33,916 [Contrast Agent] INFO - RUBY VERSION=ruby-2.6.3
2019-07-02 14:39:33,916 [Contrast Agent] INFO - GEM HOME=/Users/markp/.rvm/gems/ruby-2.6.3
2019-07-02 14:39:33,916 [Contrast Agent] INFO - GEM PATH=/Users/markp/.rvm/gems/ruby-2.6.3:/Users/markp/.rvm/gems/ruby-2.6.3@global
2019-07-02 14:39:34,087 [Contrast Agent] WARN - Invalid settings received - Protect and Assess were both on. Disabling Assess.
2019-07-02 14:48:05,533 [Contrast Agent] INFO - AGENT_VERSION=2.6.0
2019-07-02 14:48:05,533 [Contrast Agent] INFO - HOME=/Users/markp
2019-07-02 14:48:05,533 [Contrast Agent] INFO - PWD=/Users/markp/budget_tracker
2019-07-02 14:48:05,533 [Contrast Agent] INFO - RACK ENV=
2019-07-02 14:48:05,533 [Contrast Agent] INFO - RAILS ENV=production
2019-07-02 14:48:05,533 [Contrast Agent] INFO - RUBY VERSION=ruby-2.6.3
2019-07-02 14:48:05,533 [Contrast Agent] INFO - GEM HOME=/Users/markp/.rvm/gems/ruby-2.6.3
2019-07-02 14:48:05,533 [Contrast Agent] INFO - GEM PATH=/Users/markp/.rvm/gems/ruby-2.6.3:/Users/markp/.rvm/gems/ruby-2.6.3@global
2019-07-02 14:48:05,535 [Contrast Agent] WARN - Detected startup within the rake task true - Disabling Contrast for that process
2019-07-02 14:48:19,291 [Contrast Agent] INFO - AGENT_VERSION=2.6.0
2019-07-02 14:48:19,291 [Contrast Agent] INFO - HOME=/Users/markp
2019-07-02 14:48:19,291 [Contrast Agent] INFO - PWD=/Users/markp/budget_tracker
2019-07-02 14:48:19,291 [Contrast Agent] INFO - RACK ENV=
2019-07-02 14:48:19,291 [Contrast Agent] INFO - RAILS ENV=production
2019-07-02 14:48:19,291 [Contrast Agent] INFO - RUBY VERSION=ruby-2.6.3
2019-07-02 14:48:19,291 [Contrast Agent] INFO - GEM HOME=/Users/markp/.rvm/gems/ruby-2.6.3
2019-07-02 14:48:19,291 [Contrast Agent] INFO - GEM PATH=/Users/markp/.rvm/gems/ruby-2.6.3:/Users/markp/.rvm/gems/ruby-2.6.3@global
2019-07-02 14:48:19,429 [Contrast Agent] WARN - Invalid settings received - Protect and Assess were both on. Disabling Assess.
2019-07-02 15:39:37,942 [Contrast Agent] INFO - AGENT_VERSION=2.6.0
2019-07-02 15:39:37,942 [Contrast Agent] INFO - HOME=/Users/markp
2019-07-02 15:39:37,942 [Contrast Agent] INFO - PWD=/Users/markp/budget_tracker/config
2019-07-02 15:39:37,942 [Contrast Agent] INFO - RACK ENV=
2019-07-02 15:39:37,942 [Contrast Agent] INFO - RAILS ENV=production
2019-07-02 15:39:37,942 [Contrast Agent] INFO - RUBY VERSION=ruby-2.6.3
2019-07-02 15:39:37,942 [Contrast Agent] INFO - GEM HOME=/Users/markp/.rvm/gems/ruby-2.6.3
2019-07-02 15:39:37,942 [Contrast Agent] INFO - GEM PATH=/Users/markp/.rvm/gems/ruby-2.6.3:/Users/markp/.rvm/gems/ruby-2.6.3@global
2019-07-02 15:39:38,178 [Contrast Agent] WARN - Invalid settings received - Protect and Assess were both on. Disabling Assess.
2019-07-02 15:40:54,349 [Contrast Agent] INFO - AGENT_VERSION=2.6.0
2019-07-02 15:40:54,349 [Contrast Agent] INFO - HOME=/Users/markp
2019-07-02 15:40:54,349 [Contrast Agent] INFO - PWD=/Users/markp/budget_tracker/config
2019-07-02 15:40:54,349 [Contrast Agent] INFO - RACK ENV=
2019-07-02 15:40:54,350 [Contrast Agent] INFO - RAILS ENV=production
2019-07-02 15:40:54,350 [Contrast Agent] INFO - RUBY VERSION=ruby-2.6.3
2019-07-02 15:40:54,350 [Contrast Agent] INFO - GEM HOME=/Users/markp/.rvm/gems/ruby-2.6.3
2019-07-02 15:40:54,350 [Contrast Agent] INFO - GEM PATH=/Users/markp/.rvm/gems/ruby-2.6.3:/Users/markp/.rvm/gems/ruby-2.6.3@global
2019-07-02 15:40:54,493 [Contrast Agent] WARN - Invalid settings received - Protect and Assess were both on. Disabling Assess.
2019-07-02 15:45:10,966 [Contrast Agent] INFO - AGENT_VERSION=2.6.0
2019-07-02 15:45:10,966 [Contrast Agent] INFO - HOME=/Users/markp
2019-07-02 15:45:10,967 [Contrast Agent] INFO - PWD=/Users/markp/budget_tracker/config
2019-07-02 15:45:10,967 [Contrast Agent] INFO - RACK ENV=production
2019-07-02 15:45:10,967 [Contrast Agent] INFO - RAILS ENV=production
2019-07-02 15:45:10,967 [Contrast Agent] INFO - RUBY VERSION=ruby-2.6.3
2019-07-02 15:45:10,967 [Contrast Agent] INFO - GEM HOME=/Users/markp/.rvm/gems/ruby-2.6.3
2019-07-02 15:45:10,967 [Contrast Agent] INFO - GEM PATH=/Users/markp/.rvm/gems/ruby-2.6.3:/Users/markp/.rvm/gems/ruby-2.6.3@global
2019-07-02 15:45:11,080 [Contrast Agent] WARN - Invalid settings received - Protect and Assess were both on. Disabling Assess.
2019-07-15 10:56:28,614 [Contrast Agent] INFO - AGENT_VERSION=2.6.0
2019-07-15 10:56:28,615 [Contrast Agent] INFO - HOME=/Users/markp
2019-07-15 10:56:28,615 [Contrast Agent] INFO - PWD=/Users/markp/budget_tracker
2019-07-15 10:56:28,615 [Contrast Agent] INFO - RACK ENV=
2019-07-15 10:56:28,615 [Contrast Agent] INFO - RAILS ENV=development
2019-07-15 10:56:28,615 [Contrast Agent] INFO - RUBY VERSION=ruby-2.6.3
2019-07-15 10:56:28,615 [Contrast Agent] INFO - GEM HOME=/Users/markp/.rvm/gems/ruby-2.6.3
2019-07-15 10:56:28,615 [Contrast Agent] INFO - GEM PATH=/Users/markp/.rvm/gems/ruby-2.6.3:/Users/markp/.rvm/gems/ruby-2.6.3@global
2019-07-15 10:56:29,101 [Contrast Agent] WARN - Invalid settings received - Protect and Assess were both on. Disabling Assess.
2019-07-15 11:50:58,494 [Contrast Agent] INFO - AGENT_VERSION=2.6.0
2019-07-15 11:50:58,495 [Contrast Agent] INFO - HOME=/Users/markp
2019-07-15 11:50:58,495 [Contrast Agent] INFO - PWD=/Users/markp/budget_tracker
2019-07-15 11:50:58,495 [Contrast Agent] INFO - RACK ENV=production
2019-07-15 11:50:58,495 [Contrast Agent] INFO - RAILS ENV=production
2019-07-15 11:50:58,495 [Contrast Agent] INFO - RUBY VERSION=ruby-2.6.3
2019-07-15 11:50:58,495 [Contrast Agent] INFO - GEM HOME=/Users/markp/.rvm/gems/ruby-2.6.3
2019-07-15 11:50:58,495 [Contrast Agent] INFO - GEM PATH=/Users/markp/.rvm/gems/ruby-2.6.3:/Users/markp/.rvm/gems/ruby-2.6.3@global
2019-07-15 11:50:58,496 [Contrast Agent] WARN - Detected startup within the rake task true - Disabling Contrast for that process
2019-07-15 11:51:09,491 [Contrast Agent] INFO - AGENT_VERSION=2.6.0
2019-07-15 11:51:09,491 [Contrast Agent] INFO - HOME=/Users/markp
2019-07-15 11:51:09,491 [Contrast Agent] INFO - PWD=/Users/markp/budget_tracker
2019-07-15 11:51:09,491 [Contrast Agent] INFO - RACK ENV=production
2019-07-15 11:51:09,491 [Contrast Agent] INFO - RAILS ENV=production
2019-07-15 11:51:09,491 [Contrast Agent] INFO - RUBY VERSION=ruby-2.6.3
2019-07-15 11:51:09,492 [Contrast Agent] INFO - GEM HOME=/Users/markp/.rvm/gems/ruby-2.6.3
2019-07-15 11:51:09,492 [Contrast Agent] INFO - GEM PATH=/Users/markp/.rvm/gems/ruby-2.6.3:/Users/markp/.rvm/gems/ruby-2.6.3@global
2019-07-15 11:51:09,493 [Contrast Agent] WARN - Detected startup within the rake task true - Disabling Contrast for that process
2019-07-15 11:51:29,618 [Contrast Agent] INFO - AGENT_VERSION=2.6.0
2019-07-15 11:51:29,618 [Contrast Agent] INFO - HOME=/Users/markp
2019-07-15 11:51:29,618 [Contrast Agent] INFO - PWD=/Users/markp/budget_tracker
2019-07-15 11:51:29,618 [Contrast Agent] INFO - RACK ENV=production
2019-07-15 11:51:29,618 [Contrast Agent] INFO - RAILS ENV=production
2019-07-15 11:51:29,618 [Contrast Agent] INFO - RUBY VERSION=ruby-2.6.3
2019-07-15 11:51:29,618 [Contrast Agent] INFO - GEM HOME=/Users/markp/.rvm/gems/ruby-2.6.3
2019-07-15 11:51:29,618 [Contrast Agent] INFO - GEM PATH=/Users/markp/.rvm/gems/ruby-2.6.3:/Users/markp/.rvm/gems/ruby-2.6.3@global
2019-07-15 11:51:29,620 [Contrast Agent] WARN - Detected startup within the rake task true - Disabling Contrast for that process
2019-07-15 11:55:22,364 [Contrast Agent] INFO - AGENT_VERSION=2.6.0
2019-07-15 11:55:22,364 [Contrast Agent] INFO - HOME=/Users/markp
2019-07-15 11:55:22,364 [Contrast Agent] INFO - PWD=/Users/markp/budget_tracker
2019-07-15 11:55:22,364 [Contrast Agent] INFO - RACK ENV=production
2019-07-15 11:55:22,364 [Contrast Agent] INFO - RAILS ENV=production
2019-07-15 11:55:22,364 [Contrast Agent] INFO - RUBY VERSION=ruby-2.6.3
2019-07-15 11:55:22,364 [Contrast Agent] INFO - GEM HOME=/Users/markp/.rvm/gems/ruby-2.6.3
2019-07-15 11:55:22,364 [Contrast Agent] INFO - GEM PATH=/Users/markp/.rvm/gems/ruby-2.6.3:/Users/markp/.rvm/gems/ruby-2.6.3@global
2019-07-15 11:55:22,365 [Contrast Agent] WARN - Detected startup within the rake task true - Disabling Contrast for that process
2019-07-15 13:38:24,451 [Contrast Agent] INFO - AGENT_VERSION=2.6.0
2019-07-15 13:38:24,451 [Contrast Agent] INFO - HOME=/Users/markp
2019-07-15 13:38:24,451 [Contrast Agent] INFO - PWD=/Users/markp/budget_tracker
2019-07-15 13:38:24,451 [Contrast Agent] INFO - RACK ENV=
2019-07-15 13:38:24,451 [Contrast Agent] INFO - RAILS ENV=development
2019-07-15 13:38:24,451 [Contrast Agent] INFO - RUBY VERSION=ruby-2.6.3
2019-07-15 13:38:24,451 [Contrast Agent] INFO - GEM HOME=/Users/markp/.rvm/gems/ruby-2.6.3
2019-07-15 13:38:24,451 [Contrast Agent] INFO - GEM PATH=/Users/markp/.rvm/gems/ruby-2.6.3:/Users/markp/.rvm/gems/ruby-2.6.3@global
2019-07-15 13:38:24,811 [Contrast Agent] WARN - Invalid settings received - Protect and Assess were both on. Disabling Assess.
2019-07-15 13:53:38,912 [Contrast Agent] INFO - AGENT_VERSION=2.6.0
2019-07-15 13:53:38,912 [Contrast Agent] INFO - HOME=/Users/markp
2019-07-15 13:53:38,912 [Contrast Agent] INFO - PWD=/Users/markp/budget_tracker
2019-07-15 13:53:38,912 [Contrast Agent] INFO - RACK ENV=
2019-07-15 13:53:38,912 [Contrast Agent] INFO - RAILS ENV=development
2019-07-15 13:53:38,912 [Contrast Agent] INFO - RUBY VERSION=ruby-2.6.3
2019-07-15 13:53:38,912 [Contrast Agent] INFO - GEM HOME=/Users/markp/.rvm/gems/ruby-2.6.3
2019-07-15 13:53:38,912 [Contrast Agent] INFO - GEM PATH=/Users/markp/.rvm/gems/ruby-2.6.3:/Users/markp/.rvm/gems/ruby-2.6.3@global
2019-07-15 13:53:39,152 [Contrast Agent] WARN - Invalid settings received - Protect and Assess were both on. Disabling Assess.
2019-07-15 13:54:08,035 [Contrast Agent] INFO - AGENT_VERSION=2.6.0
2019-07-15 13:54:08,035 [Contrast Agent] INFO - HOME=/Users/markp
2019-07-15 13:54:08,035 [Contrast Agent] INFO - PWD=/Users/markp/budget_tracker
2019-07-15 13:54:08,035 [Contrast Agent] INFO - RACK ENV=
2019-07-15 13:54:08,035 [Contrast Agent] INFO - RAILS ENV=development
2019-07-15 13:54:08,035 [Contrast Agent] INFO - RUBY VERSION=ruby-2.6.3
2019-07-15 13:54:08,035 [Contrast Agent] INFO - GEM HOME=/Users/markp/.rvm/gems/ruby-2.6.3
2019-07-15 13:54:08,035 [Contrast Agent] INFO - GEM PATH=/Users/markp/.rvm/gems/ruby-2.6.3:/Users/markp/.rvm/gems/ruby-2.6.3@global
2019-07-15 13:54:08,465 [Contrast Agent] WARN - Invalid settings received - Protect and Assess were both on. Disabling Assess.
2019-07-15 13:56:12,667 [Contrast Agent] INFO - AGENT_VERSION=2.6.0
2019-07-15 13:56:12,667 [Contrast Agent] INFO - HOME=/Users/markp
2019-07-15 13:56:12,667 [Contrast Agent] INFO - PWD=/Users/markp/budget_tracker
2019-07-15 13:56:12,667 [Contrast Agent] INFO - RACK ENV=
2019-07-15 13:56:12,667 [Contrast Agent] INFO - RAILS ENV=development
2019-07-15 13:56:12,667 [Contrast Agent] INFO - RUBY VERSION=ruby-2.6.3
2019-07-15 13:56:12,667 [Contrast Agent] INFO - GEM HOME=/Users/markp/.rvm/gems/ruby-2.6.3
2019-07-15 13:56:12,667 [Contrast Agent] INFO - GEM PATH=/Users/markp/.rvm/gems/ruby-2.6.3:/Users/markp/.rvm/gems/ruby-2.6.3@global
2019-07-15 13:56:12,669 [Contrast Agent] WARN - Detected startup within the rake task true - Disabling Contrast for that process
2019-07-15 13:56:25,501 [Contrast Agent] INFO - AGENT_VERSION=2.6.0
2019-07-15 13:56:25,501 [Contrast Agent] INFO - HOME=/Users/markp
2019-07-15 13:56:25,501 [Contrast Agent] INFO - PWD=/Users/markp/budget_tracker
2019-07-15 13:56:25,501 [Contrast Agent] INFO - RACK ENV=
2019-07-15 13:56:25,501 [Contrast Agent] INFO - RAILS ENV=
2019-07-15 13:56:25,501 [Contrast Agent] INFO - RUBY VERSION=ruby-2.6.3
2019-07-15 13:56:25,501 [Contrast Agent] INFO - GEM HOME=/Users/markp/.rvm/gems/ruby-2.6.3
2019-07-15 13:56:25,502 [Contrast Agent] INFO - GEM PATH=/Users/markp/.rvm/gems/ruby-2.6.3:/Users/markp/.rvm/gems/ruby-2.6.3@global
2019-07-15 13:56:25,503 [Contrast Agent] WARN - Detected startup within the rake task true - Disabling Contrast for that process
2019-07-15 13:56:30,053 [Contrast Agent] INFO - AGENT_VERSION=2.6.0
2019-07-15 13:56:30,053 [Contrast Agent] INFO - HOME=/Users/markp
2019-07-15 13:56:30,053 [Contrast Agent] INFO - PWD=/Users/markp/budget_tracker
2019-07-15 13:56:30,053 [Contrast Agent] INFO - RACK ENV=
2019-07-15 13:56:30,053 [Contrast Agent] INFO - RAILS ENV=development
2019-07-15 13:56:30,053 [Contrast Agent] INFO - RUBY VERSION=ruby-2.6.3
2019-07-15 13:56:30,053 [Contrast Agent] INFO - GEM HOME=/Users/markp/.rvm/gems/ruby-2.6.3
2019-07-15 13:56:30,053 [Contrast Agent] INFO - GEM PATH=/Users/markp/.rvm/gems/ruby-2.6.3:/Users/markp/.rvm/gems/ruby-2.6.3@global
2019-07-15 13:56:30,270 [Contrast Agent] WARN - Invalid settings received - Protect and Assess were both on. Disabling Assess.
